<?xml version="1.0" encoding="UTF-8"?>
<!-- Generated by org.testng.reporters.JUnitXMLReporter -->
<testsuite hostname="Satish-PC" ignored="0" name="Test" tests="1" failures="1" timestamp="26 May 2019 03:58:30 GMT" time="0.058" errors="0">
  <testcase name="CrossBrowser" time="0.0" classname="com.cross_browser_test.CrossBrowserTest">
    <failure type="org.testng.TestNGException" message="
Parameter &amp;apos;browser&amp;apos; is required by @Test on method CrossBrowser but has not been marked @Optional or defined
in D:\Satish Softaware Backup\Eclipse Worspace\Selenium1\CrossBrowser.xml">
      <![CDATA[org.testng.TestNGException: Parameter 'browser' is required by @Test on method CrossBrowser but has not been marked @Optional or definedin D:\Satish Softaware Backup\Eclipse Worspace\Selenium1\CrossBrowser.xml... Removed 24 stack frames]]>
    </failure>
  </testcase> <!-- CrossBrowser -->
</testsuite> <!-- Test -->
